# JRE version: OpenJDK Runtime Environment (17.0.7) (build 17.0.7+0-b2043.56-10550314)
# Java VM: OpenJDK 64-Bit Server VM (17.0.7+0-b2043.56-10550314, mixed mode, tiered, compressed oops, compressed class ptrs, g1 gc, windows-amd64)
GC Precious Log:
 CPUs: 8 total, 8 available
 Memory: 14273M
 Large Page Support: Disabled
 NUMA Support: Disabled
 Compressed Oops: Enabled (32-bit)
 Heap Region Size: 1M
 Heap Min Capacity: 8M
 Heap Initial Capacity: 224M
 Heap Max Capacity: 2G
 Pre-touch: Disabled
 Parallel Workers: 8
 Concurrent Workers: 2
 Concurrent Refinement Workers: 8
 Periodic GC: Disabled
Heap:
 garbage-first heap   total 265216K, used 215118K [0x0000000080000000, 0x0000000100000000)
  region size 1024K, 62 young (63488K), 1 survivors (1024K)
 Metaspace       used 110484K, committed 111424K, reserved 1179648K
  class space    used 14938K, committed 15360K, reserved 1048576K
GC Heap History (20 events):
Event: 37.695 GC heap before
{Heap before GC invocations=60 (full 0):
 garbage-first heap   total 224256K, used 175816K [0x0000000080000000, 0x0000000100000000)
  region size 1024K, 40 young (40960K), 2 survivors (2048K)
 Metaspace       used 96746K, committed 97600K, reserved 1179648K
  class space    used 13174K, committed 13568K, reserved 1048576K
}
Event: 37.700 GC heap after
{Heap after GC invocations=61 (full 0):
 garbage-first heap   total 224256K, used 133683K [0x0000000080000000, 0x0000000100000000)
  region size 1024K, 4 young (4096K), 4 survivors (4096K)
 Metaspace       used 96746K, committed 97600K, reserved 1179648K
  class space    used 13174K, committed 13568K, reserved 1048576K
}
Event: 37.982 GC heap before
{Heap before GC invocations=61 (full 0):
 garbage-first heap   total 224256K, used 139827K [0x0000000080000000, 0x0000000100000000)
  region size 1024K, 10 young (10240K), 4 survivors (4096K)
 Metaspace       used 96847K, committed 97664K, reserved 1179648K
  class space    used 13182K, committed 13568K, reserved 1048576K
}
Event: 37.987 GC heap after
{Heap after GC invocations=62 (full 0):
 garbage-first heap   total 224256K, used 134810K [0x0000000080000000, 0x0000000100000000)
  region size 1024K, 2 young (2048K), 2 survivors (2048K)
 Metaspace       used 96847K, committed 97664K, reserved 1179648K
  class space    used 13182K, committed 13568K, reserved 1048576K
}
Event: 39.091 GC heap before
{Heap before GC invocations=62 (full 0):
 garbage-first heap   total 224256K, used 174746K [0x0000000080000000, 0x0000000100000000)
  region size 1024K, 42 young (43008K), 2 survivors (2048K)
 Metaspace       used 97421K, committed 98176K, reserved 1179648K
  class space    used 13212K, committed 13568K, reserved 1048576K
}
Event: 39.097 GC heap after
{Heap after GC invocations=63 (full 0):
 garbage-first heap   total 224256K, used 138587K [0x0000000080000000, 0x0000000100000000)
  region size 1024K, 6 young (6144K), 6 survivors (6144K)
 Metaspace       used 97421K, committed 98176K, reserved 1179648K
  class space    used 13212K, committed 13568K, reserved 1048576K
}
Event: 40.448 GC heap before
{Heap before GC invocations=64 (full 0):
 garbage-first heap   total 239616K, used 178523K [0x0000000080000000, 0x0000000100000000)
  region size 1024K, 45 young (46080K), 6 survivors (6144K)
 Metaspace       used 98360K, committed 99200K, reserved 1179648K
  class space    used 13310K, committed 13696K, reserved 1048576K
}
Event: 40.455 GC heap after
{Heap after GC invocations=65 (full 0):
 garbage-first heap   total 239616K, used 142020K [0x0000000080000000, 0x0000000100000000)
  region size 1024K, 4 young (4096K), 4 survivors (4096K)
 Metaspace       used 98360K, committed 99200K, reserved 1179648K
  class space    used 13310K, committed 13696K, reserved 1048576K
}
Event: 40.692 GC heap before
{Heap before GC invocations=65 (full 0):
 garbage-first heap   total 239616K, used 148164K [0x0000000080000000, 0x0000000100000000)
  region size 1024K, 11 young (11264K), 4 survivors (4096K)
 Metaspace       used 98466K, committed 99264K, reserved 1179648K
  class space    used 13316K, committed 13696K, reserved 1048576K
}
Event: 40.697 GC heap after
{Heap after GC invocations=66 (full 0):
 garbage-first heap   total 239616K, used 142588K [0x0000000080000000, 0x0000000100000000)
  region size 1024K, 1 young (1024K), 1 survivors (1024K)
 Metaspace       used 98466K, committed 99264K, reserved 1179648K
  class space    used 13316K, committed 13696K, reserved 1048576K
}
Event: 41.984 GC heap before
{Heap before GC invocations=66 (full 0):
 garbage-first heap   total 239616K, used 190716K [0x0000000080000000, 0x0000000100000000)
  region size 1024K, 48 young (49152K), 1 survivors (1024K)
 Metaspace       used 100107K, committed 100928K, reserved 1179648K
  class space    used 13519K, committed 13888K, reserved 1048576K
}
Event: 41.988 GC heap after
{Heap after GC invocations=67 (full 0):
 garbage-first heap   total 239616K, used 144927K [0x0000000080000000, 0x0000000100000000)
  region size 1024K, 4 young (4096K), 4 survivors (4096K)
 Metaspace       used 100107K, committed 100928K, reserved 1179648K
  class space    used 13519K, committed 13888K, reserved 1048576K
}
Event: 43.872 GC heap before
{Heap before GC invocations=67 (full 0):
 garbage-first heap   total 239616K, used 193055K [0x0000000080000000, 0x0000000100000000)
  region size 1024K, 51 young (52224K), 4 survivors (4096K)
 Metaspace       used 102252K, committed 103104K, reserved 1179648K
  class space    used 13831K, committed 14208K, reserved 1048576K
}
Event: 43.879 GC heap after
{Heap after GC invocations=68 (full 0):
 garbage-first heap   total 239616K, used 148443K [0x0000000080000000, 0x0000000100000000)
  region size 1024K, 7 young (7168K), 7 survivors (7168K)
 Metaspace       used 102252K, committed 103104K, reserved 1179648K
  class space    used 13831K, committed 14208K, reserved 1048576K
}
Event: 44.573 GC heap before
{Heap before GC invocations=68 (full 0):
 garbage-first heap   total 239616K, used 173019K [0x0000000080000000, 0x0000000100000000)
  region size 1024K, 32 young (32768K), 7 survivors (7168K)
 Metaspace       used 103626K, committed 104448K, reserved 1179648K
  class space    used 14032K, committed 14400K, reserved 1048576K
}
Event: 44.580 GC heap after
{Heap after GC invocations=69 (full 0):
 garbage-first heap   total 239616K, used 150105K [0x0000000080000000, 0x0000000100000000)
  region size 1024K, 6 young (6144K), 6 survivors (6144K)
 Metaspace       used 103626K, committed 104448K, reserved 1179648K
  class space    used 14032K, committed 14400K, reserved 1048576K
}
Event: 46.288 GC heap before
{Heap before GC invocations=70 (full 0):
 garbage-first heap   total 265216K, used 198233K [0x0000000080000000, 0x0000000100000000)
  region size 1024K, 52 young (53248K), 6 survivors (6144K)
 Metaspace       used 107404K, committed 108224K, reserved 1179648K
  class space    used 14518K, committed 14912K, reserved 1048576K
}
Event: 46.295 GC heap after
{Heap after GC invocations=71 (full 0):
 garbage-first heap   total 265216K, used 153960K [0x0000000080000000, 0x0000000100000000)
  region size 1024K, 5 young (5120K), 5 survivors (5120K)
 Metaspace       used 107404K, committed 108224K, reserved 1179648K
  class space    used 14518K, committed 14912K, reserved 1048576K
}
Event: 46.387 GC heap before
{Heap before GC invocations=71 (full 0):
 garbage-first heap   total 265216K, used 161128K [0x0000000080000000, 0x0000000100000000)
  region size 1024K, 12 young (12288K), 5 survivors (5120K)
 Metaspace       used 107442K, committed 108288K, reserved 1179648K
  class space    used 14526K, committed 14912K, reserved 1048576K
}
Event: 46.392 GC heap after
{Heap after GC invocations=72 (full 0):
 garbage-first heap   total 265216K, used 154702K [0x0000000080000000, 0x0000000100000000)
  region size 1024K, 1 young (1024K), 1 survivors (1024K)
 Metaspace       used 107442K, committed 108288K, reserved 1179648K
  class space    used 14526K, committed 14912K, reserved 1048576K
}

